SF:lib\data\models\series\series_table.dart
DA:11,3
DA:18,2
DA:19,1
DA:20,1
DA:21,1
DA:22,1
DA:25,2
DA:26,1
DA:27,1
DA:28,1
DA:29,1
DA:32,2
DA:33,1
DA:34,1
DA:35,1
DA:36,1
DA:39,2
DA:40,1
DA:41,1
DA:42,1
DA:43,1
DA:46,2
DA:47,10
LF:23
LH:23
end_of_record
SF:lib\domain\entities\series.dart
DA:5,17
DA:39,2
DA:46,7
DA:47,7
DA:48,7
DA:49,7
DA:50,7
DA:51,7
DA:52,7
DA:53,7
DA:54,7
DA:55,7
DA:56,7
DA:57,7
DA:58,7
DA:59,7
DA:60,7
DA:61,7
DA:62,7
LF:19
LH:19
end_of_record
SF:lib\domain\entities\series_detail.dart
DA:4,8
DA:64,3
DA:65,3
DA:66,3
DA:67,3
DA:68,3
DA:69,3
DA:70,3
DA:71,3
DA:72,3
DA:73,3
DA:74,3
DA:75,3
DA:76,3
DA:77,3
DA:78,3
DA:79,3
DA:80,3
DA:81,3
DA:82,3
DA:83,3
DA:84,3
DA:85,3
DA:86,3
DA:87,3
DA:88,3
DA:89,3
DA:90,3
DA:91,3
DA:92,3
DA:93,3
DA:98,8
DA:106,3
DA:107,3
DA:108,3
DA:109,3
DA:114,8
DA:132,3
DA:133,3
DA:134,3
DA:135,3
DA:136,3
DA:137,3
DA:138,3
DA:139,3
DA:140,3
LF:46
LH:46
end_of_record
SF:lib\data\datasources\db\series_database_helper.dart
DA:8,0
DA:12,0
DA:13,0
DA:17,0
DA:19,0
DA:26,0
DA:27,0
DA:28,0
DA:30,0
DA:33,0
DA:34,0
DA:39,0
DA:40,0
DA:47,0
DA:52,0
DA:53,0
DA:54,0
DA:57,0
DA:58,0
DA:59,0
DA:62,0
DA:66,0
DA:67,0
DA:68,0
DA:71,0
DA:74,0
DA:75,0
DA:81,0
DA:82,0
DA:83,0
LF:30
LH:0
end_of_record
SF:lib\data\datasources\series_local_data_source.dart
DA:15,1
DA:17,1
DA:20,2
DA:23,2
DA:27,1
DA:30,2
DA:33,2
DA:37,1
DA:39,2
DA:41,1
DA:47,1
DA:49,2
DA:50,4
LF:13
LH:13
end_of_record
SF:lib\data\datasources\series_remote_data_source.dart
DA:23,1
DA:25,1
DA:28,4
DA:30,2
DA:31,4
DA:33,1
DA:37,1
DA:39,4
DA:41,2
DA:42,3
DA:44,1
DA:48,1
DA:50,1
DA:51,3
DA:53,2
DA:54,4
DA:56,1
DA:60,1
DA:63,4
DA:65,2
DA:66,4
DA:68,1
DA:72,1
DA:75,4
DA:77,2
DA:78,4
DA:80,1
DA:84,1
DA:86,1
DA:87,3
DA:89,2
DA:90,4
DA:92,1
LF:33
LH:33
end_of_record
SF:lib\data\models\series\series_detail_model.dart
DA:5,3
DA:65,1
DA:66,1
DA:67,1
DA:68,1
DA:69,1
DA:70,1
DA:71,1
DA:72,1
DA:73,4
DA:74,1
DA:75,1
DA:76,1
DA:77,1
DA:78,1
DA:79,1
DA:80,1
DA:81,1
DA:82,1
DA:83,1
DA:84,1
DA:85,1
DA:86,1
DA:87,2
DA:88,1
DA:90,4
DA:91,2
DA:92,2
DA:93,0
DA:94,1
DA:95,1
DA:96,1
DA:97,2
DA:98,1
DA:101,2
DA:102,2
DA:103,2
DA:104,2
DA:105,2
DA:106,2
DA:107,2
DA:108,10
DA:109,2
DA:110,2
DA:111,2
DA:112,2
DA:113,2
DA:114,2
DA:115,2
DA:116,2
DA:117,2
DA:118,2
DA:119,2
DA:120,2
DA:121,2
DA:122,2
DA:123,2
DA:124,2
DA:125,10
DA:126,2
DA:127,2
DA:128,2
DA:129,2
DA:130,2
DA:134,1
DA:135,1
DA:136,1
DA:137,1
DA:138,1
DA:139,1
DA:140,1
DA:141,1
DA:142,1
DA:143,1
DA:144,1
DA:145,1
DA:146,1
DA:147,1
DA:148,1
DA:149,1
DA:150,1
DA:151,1
DA:152,1
DA:153,1
DA:154,1
DA:155,1
DA:156,1
DA:157,1
DA:158,1
DA:159,1
DA:160,1
DA:161,1
DA:162,1
DA:163,1
DA:168,3
DA:176,1
DA:177,1
DA:178,1
DA:179,1
DA:182,0
DA:183,0
DA:184,0
DA:187,2
DA:188,2
DA:189,2
DA:190,2
DA:194,1
DA:195,1
DA:196,1
DA:197,1
DA:202,2
DA:220,0
DA:221,0
DA:223,0
DA:224,0
DA:225,0
DA:226,0
DA:227,0
DA:229,0
DA:232,2
DA:233,2
DA:234,4
DA:235,4
DA:236,4
DA:237,4
DA:238,4
DA:239,4
DA:240,4
DA:244,0
DA:245,0
DA:246,0
DA:247,0
DA:248,0
DA:249,0
DA:250,0
DA:251,0
DA:252,0
LF:137
LH:116
end_of_record
SF:lib\data\models\series\series_model.dart
DA:5,4
DA:39,4
DA:40,2
DA:42,4
DA:44,4
DA:45,8
DA:46,2
DA:47,2
DA:48,2
DA:49,8
DA:50,2
DA:51,2
DA:52,2
DA:53,4
DA:54,2
DA:55,4
DA:56,2
DA:59,2
DA:60,1
DA:61,1
DA:62,1
DA:63,4
DA:64,1
DA:65,1
DA:66,1
DA:67,4
DA:68,1
DA:69,1
DA:70,1
DA:71,1
DA:72,1
DA:73,1
DA:74,1
DA:77,2
DA:78,2
DA:79,2
DA:80,4
DA:81,4
DA:82,2
DA:83,2
DA:84,2
DA:85,2
DA:86,2
DA:87,2
DA:88,2
DA:89,2
DA:90,2
DA:91,2
DA:92,2
DA:93,2
DA:97,2
DA:98,2
DA:99,2
DA:100,2
DA:101,2
DA:102,2
DA:103,2
DA:104,2
DA:105,2
DA:106,2
DA:107,2
DA:108,2
DA:109,2
DA:110,2
DA:111,2
DA:112,2
DA:113,2
LF:67
LH:67
end_of_record
SF:lib\data\models\series\series_response.dart
DA:7,2
DA:9,4
DA:10,4
DA:11,6
DA:12,6
DA:15,2
DA:16,5
DA:19,1
DA:20,2
LF:9
LH:9
end_of_record
SF:lib\data\repositories\series_repository_impl.dart
DA:16,1
DA:21,1
DA:24,2
DA:25,5
DA:26,1
DA:27,2
DA:28,1
DA:29,2
DA:33,1
DA:36,2
DA:37,2
DA:38,1
DA:39,2
DA:40,1
DA:41,2
DA:45,1
DA:48,2
DA:49,3
DA:50,1
DA:51,2
DA:52,1
DA:53,2
DA:57,1
DA:60,2
DA:61,5
DA:62,1
DA:63,2
DA:64,1
DA:65,2
DA:69,1
DA:72,2
DA:73,5
DA:74,1
DA:75,2
DA:76,1
DA:77,2
DA:81,1
DA:84,2
DA:85,5
DA:86,1
DA:87,2
DA:88,1
DA:89,2
DA:93,1
DA:97,1
DA:98,2
DA:99,1
DA:100,1
DA:101,3
DA:107,1
DA:111,1
DA:112,2
DA:113,1
DA:114,1
DA:115,3
DA:119,1
DA:121,2
DA:125,1
DA:127,2
DA:128,5
LF:60
LH:60
end_of_record
SF:lib\domain\usecases\get_now_playing_series.dart
DA:9,1
DA:11,1
DA:12,2
LF:3
LH:3
end_of_record
SF:lib\domain\usecases\get_popular_series.dart
DA:9,1
DA:11,1
DA:12,2
LF:3
LH:3
end_of_record
SF:lib\domain\usecases\get_series_recommendations.dart
DA:9,1
DA:11,1
DA:12,2
LF:3
LH:3
end_of_record
SF:lib\domain\usecases\get_top_rated_series.dart
DA:9,1
DA:11,1
DA:12,2
LF:3
LH:3
end_of_record
SF:lib\presentation\provider\series_list_notifier.dart
DA:11,2
DA:14,2
DA:17,2
DA:20,2
DA:23,2
DA:26,2
DA:29,2
DA:32,2
DA:35,2
DA:37,1
DA:49,1
DA:50,1
DA:51,1
DA:53,2
DA:54,1
DA:55,1
DA:56,1
DA:57,2
DA:58,1
DA:60,1
DA:61,1
DA:62,1
DA:63,1
DA:68,1
DA:69,1
DA:70,1
DA:72,2
DA:73,1
DA:74,1
DA:75,1
DA:76,2
DA:77,1
DA:79,1
DA:80,1
DA:81,1
DA:82,1
DA:87,1
DA:88,1
DA:89,1
DA:91,2
DA:92,1
DA:93,1
DA:94,1
DA:95,2
DA:96,1
DA:98,1
DA:99,1
DA:100,1
DA:101,1
DA:106,1
DA:107,1
DA:108,1
DA:110,2
DA:111,1
DA:112,1
DA:113,1
DA:114,2
DA:115,1
DA:117,1
DA:118,1
DA:119,1
DA:120,1
LF:62
LH:62
end_of_record
SF:lib\domain\usecases\get_series_detail.dart
DA:9,1
DA:11,1
DA:12,2
LF:3
LH:3
end_of_record
SF:lib\domain\usecases\get_watchlist_series_status.dart
DA:6,1
DA:8,1
DA:9,2
LF:3
LH:3
end_of_record
SF:lib\domain\usecases\get_watchlist_series.dart
DA:9,1
DA:11,1
DA:12,2
LF:3
LH:3
end_of_record
SF:lib\domain\usecases\remove_watchlist_series.dart
DA:9,1
DA:11,1
DA:12,2
LF:3
LH:3
end_of_record
SF:lib\domain\usecases\save_watchlist_series.dart
DA:9,1
DA:11,1
DA:12,2
LF:3
LH:3
end_of_record
SF:lib\domain\usecases\search_series.dart
DA:9,1
DA:11,1
DA:12,2
LF:3
LH:3
end_of_record
SF:lib\presentation\bloc\detail_series\detail_series_event.dart
DA:8,2
DA:10,1
DA:11,2
LF:3
LH:3
end_of_record
SF:lib\presentation\bloc\detail_series\detail_series_state.dart
DA:6,1
DA:7,1
DA:11,1
DA:12,1
DA:18,1
DA:20,1
DA:21,2
DA:27,2
DA:29,1
DA:30,2
LF:10
LH:10
end_of_record
SF:lib\presentation\bloc\detail_series\detail_series_bloc.dart
DA:14,3
DA:15,2
DA:18,1
DA:20,1
DA:22,2
DA:23,2
DA:25,2
DA:26,3
DA:27,1
DA:28,2
LF:10
LH:10
end_of_record
SF:lib\presentation\bloc\now_playing_series\now_playing_series_bloc.dart
DA:15,1
DA:17,2
DA:18,2
DA:21,1
DA:23,2
DA:25,2
DA:27,2
DA:28,3
DA:29,1
DA:30,1
DA:31,2
DA:32,2
LF:12
LH:12
end_of_record
SF:lib\presentation\bloc\now_playing_series\now_playing_series_state.dart
DA:4,3
DA:6,1
DA:7,1
DA:17,2
DA:19,1
DA:20,2
DA:26,2
DA:28,1
DA:29,2
LF:9
LH:9
end_of_record
SF:lib\presentation\bloc\now_playing_series\now_playing_series_event.dart
DA:6,1
DA:7,1
LF:2
LH:2
end_of_record
SF:lib\presentation\bloc\popular_series\popular_series_state.dart
DA:6,1
DA:7,1
DA:11,1
DA:12,1
DA:18,1
DA:20,1
DA:21,2
DA:27,2
DA:29,1
DA:30,2
LF:10
LH:10
end_of_record
SF:lib\presentation\bloc\popular_series\popular_series_bloc.dart
DA:14,3
DA:15,2
DA:18,1
DA:20,2
DA:22,2
DA:24,2
DA:25,3
DA:26,1
DA:27,1
DA:28,2
DA:29,2
LF:11
LH:11
end_of_record
SF:lib\presentation\bloc\popular_series\popular_series_event.dart
DA:6,1
DA:7,1
LF:2
LH:2
end_of_record
SF:lib\presentation\bloc\recommendation_series\recommendation_series_state.dart
DA:7,1
DA:8,1
DA:12,1
DA:13,1
DA:19,1
DA:21,1
DA:22,2
DA:28,2
DA:30,1
DA:31,2
LF:10
LH:10
end_of_record
SF:lib\presentation\bloc\recommendation_series\recommendation_series_bloc.dart
DA:17,1
DA:18,2
DA:19,2
DA:22,1
DA:24,1
DA:25,2
DA:27,2
DA:28,2
DA:29,3
DA:30,1
DA:31,1
DA:32,2
DA:33,2
LF:13
LH:13
end_of_record
SF:lib\presentation\bloc\recommendation_series\recommendation_series_event.dart
DA:8,2
DA:10,1
DA:11,2
LF:3
LH:3
end_of_record
SF:lib\presentation\bloc\search_series\search_series_state.dart
DA:4,4
DA:6,1
DA:7,1
DA:17,3
DA:19,1
DA:20,2
DA:26,2
DA:28,1
DA:29,2
LF:9
LH:9
end_of_record
SF:lib\presentation\bloc\search_series\search_series_event.dart
DA:4,1
DA:6,0
DA:7,0
DA:13,1
DA:15,0
DA:16,0
LF:6
LH:2
end_of_record
SF:lib\presentation\bloc\search_series\search_series_bloc.dart
DA:14,3
DA:15,1
DA:16,1
DA:17,1
DA:18,2
DA:20,2
DA:22,2
DA:24,1
DA:25,1
DA:26,3
DA:28,1
DA:29,2
DA:33,1
DA:40,1
DA:41,3
LF:15
LH:15
end_of_record
SF:lib\presentation\bloc\top_rated_series\top_rated_series_bloc.dart
DA:16,3
DA:17,2
DA:20,1
DA:22,2
DA:24,2
DA:26,2
DA:27,3
DA:28,1
DA:29,1
DA:30,2
DA:31,2
LF:11
LH:11
end_of_record
SF:lib\presentation\bloc\top_rated_series\top_rated_series_state.dart
DA:6,1
DA:7,1
DA:11,1
DA:12,1
DA:18,1
DA:20,1
DA:21,2
DA:27,2
DA:29,1
DA:30,2
LF:10
LH:10
end_of_record
SF:lib\presentation\bloc\top_rated_series\top_rated_series_event.dart
DA:6,1
DA:7,1
LF:2
LH:2
end_of_record
SF:lib\presentation\pages\now_playing_series_page.dart
DA:10,1
DA:12,1
DA:14,1
DA:18,1
DA:20,1
DA:21,2
DA:22,2
DA:23,2
DA:26,1
DA:28,1
DA:29,1
DA:32,1
DA:34,1
DA:35,1
DA:36,1
DA:40,1
DA:41,1
DA:42,1
DA:43,2
DA:44,1
DA:46,2
DA:48,1
LF:22
LH:22
end_of_record
SF:lib\presentation\widgets\series_card.dart
DA:10,4
DA:12,4
DA:14,4
DA:16,4
DA:17,0
DA:18,0
DA:21,0
DA:24,4
DA:26,4
DA:27,4
DA:29,4
DA:35,4
DA:37,4
DA:38,4
DA:39,8
DA:42,4
DA:44,4
DA:45,4
DA:46,8
DA:54,4
DA:59,4
DA:60,4
DA:61,12
DA:63,8
DA:64,4
DA:66,0
DA:68,8
LF:27
LH:23
end_of_record
SF:lib\presentation\pages\series_detail_page.dart
DA:16,1
DA:18,1
DA:20,1
DA:24,1
DA:26,1
DA:27,2
DA:28,6
DA:29,1
DA:30,1
DA:31,4
DA:32,6
DA:36,1
DA:39,2
DA:40,2
DA:41,2
DA:46,1
DA:47,1
DA:48,1
DA:49,1
DA:53,1
DA:54,1
DA:55,1
DA:56,1
DA:75,1
DA:77,1
DA:78,1
DA:82,1
DA:84,3
DA:85,1
DA:86,1
DA:87,1
DA:89,4
DA:91,1
DA:94,0
DA:96,1
DA:98,1
DA:99,1
DA:100,1
DA:110,1
DA:111,1
DA:112,1
DA:114,1
DA:116,1
DA:118,1
DA:119,1
DA:120,3
DA:121,1
DA:123,1
DA:124,0
DA:125,0
DA:127,0
DA:128,0
DA:130,0
DA:131,0
DA:134,0
DA:136,0
DA:139,0
DA:140,0
DA:141,0
DA:145,0
DA:149,0
DA:150,0
DA:151,0
DA:152,0
DA:154,0
DA:156,0
DA:157,0
DA:158,0
DA:162,0
DA:163,0
DA:164,0
DA:167,1
DA:169,1
DA:170,2
DA:177,1
DA:180,1
DA:181,4
DA:183,1
DA:186,1
DA:187,1
DA:188,1
DA:189,4
DA:191,1
DA:194,1
DA:195,4
DA:199,1
DA:202,1
DA:205,1
DA:208,1
DA:210,3
DA:211,1
DA:212,2
DA:213,1
DA:216,1
DA:218,1
DA:219,1
DA:220,1
DA:221,1
DA:222,4
DA:224,1
DA:230,5
DA:234,1
DA:236,1
DA:238,1
DA:239,3
DA:242,1
DA:244,1
DA:246,1
DA:248,1
DA:249,1
DA:254,1
DA:255,1
DA:256,1
DA:258,1
DA:260,1
DA:261,1
DA:262,1
DA:264,1
DA:265,0
DA:266,0
DA:269,0
DA:272,1
DA:277,1
DA:279,2
DA:280,1
DA:286,0
DA:293,1
DA:296,0
DA:297,0
DA:307,1
DA:309,1
DA:324,1
DA:326,1
DA:329,1
DA:331,0
DA:332,0
DA:341,1
DA:343,2
DA:344,3
DA:347,1
DA:351,3
DA:354,1
DA:355,1
DA:356,1
DA:358,1
DA:359,1
DA:361,0
LF:147
LH:114
end_of_record
SF:lib\presentation\bloc\watchlist_series\watchlist_series_state.dart
DA:6,0
DA:7,0
DA:11,0
DA:12,0
DA:16,0
DA:17,0
DA:23,0
DA:25,0
DA:26,0
DA:32,1
DA:34,0
DA:35,0
DA:41,1
DA:43,0
DA:44,0
DA:50,0
DA:52,0
DA:53,0
LF:18
LH:2
end_of_record
SF:lib\presentation\bloc\watchlist_series\watchlist_series_bloc.dart
DA:22,0
DA:24,0
DA:25,0
DA:26,0
DA:27,0
DA:28,0
DA:31,0
DA:33,0
DA:34,0
DA:36,0
DA:37,0
DA:38,0
DA:39,0
DA:40,0
DA:41,0
DA:45,0
DA:47,0
DA:48,0
DA:49,0
DA:52,0
DA:54,0
DA:56,0
DA:57,0
DA:58,0
DA:59,0
DA:60,0
DA:64,0
DA:66,0
DA:67,0
DA:68,0
DA:69,0
DA:70,0
DA:71,0
LF:33
LH:0
end_of_record
SF:lib\presentation\bloc\watchlist_series\watchlist_series_event.dart
DA:6,0
DA:7,0
DA:13,1
DA:15,0
DA:16,0
DA:22,0
DA:24,0
DA:25,0
DA:31,0
DA:33,0
DA:34,0
LF:11
LH:1
end_of_record
SF:lib\presentation\pages\popular_series_page.dart
DA:10,1
DA:12,1
DA:14,1
DA:18,1
DA:20,1
DA:21,2
DA:22,2
DA:23,2
DA:26,1
DA:28,1
DA:29,1
DA:32,1
DA:34,1
DA:35,1
DA:36,1
DA:40,1
DA:41,1
DA:42,1
DA:43,2
DA:44,1
DA:46,2
DA:48,1
LF:22
LH:22
end_of_record
SF:lib\presentation\pages\search_series_page.dart
DA:12,1
DA:14,1
DA:16,1
DA:17,1
DA:20,1
DA:22,1
DA:24,1
DA:25,1
DA:26,0
DA:27,0
DA:37,1
DA:39,1
DA:41,1
DA:42,1
DA:43,1
DA:47,1
DA:48,1
DA:49,1
DA:50,1
DA:52,1
DA:53,1
DA:54,1
DA:56,1
DA:59,1
DA:68,1
DA:69,1
DA:70,1
DA:71,1
DA:73,1
DA:78,0
DA:79,0
LF:31
LH:27
end_of_record
SF:lib\presentation\provider\popular_series_notifier.dart
DA:9,1
DA:12,2
DA:15,2
DA:18,2
DA:20,1
DA:21,1
DA:22,1
DA:24,2
DA:26,1
DA:27,1
DA:28,2
DA:29,1
DA:30,1
DA:32,1
DA:33,1
DA:34,1
DA:35,1
LF:17
LH:17
end_of_record
SF:lib\presentation\pages\top_rated_series_page.dart
DA:10,1
DA:12,1
DA:14,1
DA:18,1
DA:20,1
DA:21,2
DA:22,2
DA:23,2
DA:26,1
DA:28,1
DA:29,1
DA:32,1
DA:34,1
DA:35,1
DA:36,1
DA:40,1
DA:41,1
DA:42,1
DA:43,2
DA:44,1
DA:46,2
DA:48,1
LF:22
LH:22
end_of_record
SF:lib\presentation\provider\series_detail_notifier.dart
DA:19,1
DA:27,2
DA:30,2
DA:33,2
DA:36,2
DA:38,1
DA:39,1
DA:40,1
DA:41,2
DA:43,1
DA:44,1
DA:45,1
DA:46,2
DA:47,1
DA:49,1
DA:50,1
DA:51,1
DA:52,1
DA:58,2
DA:60,1
DA:61,2
DA:63,1
DA:64,1
DA:65,2
DA:67,1
DA:68,1
DA:72,2
DA:75,1
DA:76,2
DA:78,1
DA:79,0
DA:80,0
DA:82,1
DA:83,1
DA:87,2
DA:90,1
DA:91,2
DA:92,1
DA:93,1
LF:39
LH:37
end_of_record
SF:lib\presentation\provider\series_search_notifier.dart
DA:9,1
DA:12,2
DA:15,2
DA:18,2
DA:20,1
DA:21,1
DA:22,1
DA:24,2
DA:25,1
DA:26,1
DA:27,2
DA:28,1
DA:29,1
DA:31,1
DA:32,1
DA:33,1
DA:34,1
LF:17
LH:17
end_of_record
SF:lib\presentation\provider\top_rated_series_notifier.dart
DA:9,1
DA:12,2
DA:15,2
DA:18,2
DA:20,1
DA:21,1
DA:22,1
DA:24,2
DA:26,1
DA:27,1
DA:28,2
DA:29,1
DA:30,1
DA:32,1
DA:33,1
DA:34,1
DA:35,1
LF:17
LH:17
end_of_record
SF:lib\presentation\provider\watchlist_series_notifier.dart
DA:8,2
DA:11,2
DA:14,2
DA:16,1
DA:20,1
DA:21,1
DA:22,1
DA:24,2
DA:25,1
DA:26,1
DA:27,1
DA:28,2
DA:29,1
DA:31,1
DA:32,1
DA:33,1
DA:34,1
LF:17
LH:17
end_of_record
